<?xml version="1.0" encoding="UTF-8"?>
<!-- Generated by org.testng.reporters.JUnitXMLReporter -->
<testsuite ignored="0" hostname="CTNL2582" failures="0" tests="2" name="SAMSUNG_GalaxyA33_Android_14.0.0_2944d" time="33.215" errors="0" timestamp="2025-11-21T10:45:14 IST">
  <testcase classname="com.crestech.base.UserBaseTest" name="@BeforeMethod startApp" time="6.66">
    <skipped/>
  </testcase> <!-- @BeforeMethod startApp -->
  <testcase classname="com.crestech.android.tests.McbAndroidTest" name="checkConfig on [McbAndroidTest passed=0 failed=0 skipped=0]" time="0.293"/>
  <testcase classname="com.crestech.android.tests.McbAndroidTest" name="MCBAppLogin on [McbAndroidTest passed=0 failed=0 skipped=0]" time="0.0">
    <skipped/>
  </testcase> <!-- MCBAppLogin on [McbAndroidTest passed=0 failed=0 skipped=0] -->
</testsuite> <!-- SAMSUNG_GalaxyA33_Android_14.0.0_2944d -->
