<?xml version="1.0" encoding="UTF-8"?>
<!-- Generated by org.testng.reporters.JUnitXMLReporter -->
<testsuite ignored="0" hostname="CTNL2104" failures="0" tests="6" name="GOOGLE_Pixel9_Android_15.0.0_06a75" time="430.26" errors="0" timestamp="2024-12-11T12:34:00 IST">
  <testcase classname="com.crestech.android.tests.IxigoAndroidTest" name="SRPWithoutLogin on [IxigoAndroidTest passed=0 failed=0 skipped=0]" time="69.979"/>
  <testcase classname="com.crestech.android.tests.IxigoAndroidTest" name="PreRequisiteScript on [IxigoAndroidTest passed=0 failed=0 skipped=0]" time="50.807"/>
  <testcase classname="com.crestech.android.tests.IxigoAndroidTest" name="DomesticFlightSearchOneWay on [IxigoAndroidTest passed=0 failed=0 skipped=0]" time="41.312"/>
  <testcase classname="com.crestech.android.tests.IxigoAndroidTest" name="DomesticToInternationalEconomicSearchFlightsOneWay on [IxigoAndroidTest passed=0 failed=0 skipped=0]" time="76.784"/>
  <testcase classname="com.crestech.android.tests.IxigoAndroidTest" name="DomesticToInternationalPremiumEconomicSearchFlightsRoundWay on [IxigoAndroidTest passed=0 failed=0 skipped=0]" time="66.125"/>
  <testcase classname="com.crestech.android.tests.IxigoAndroidTest" name="LogOutApp on [IxigoAndroidTest passed=0 failed=0 skipped=0]" time="39.681"/>
</testsuite> <!-- GOOGLE_Pixel9_Android_15.0.0_06a75 -->
