<?xml version="1.0" encoding="UTF-8"?>
<!-- Generated by org.testng.reporters.JUnitXMLReporter -->
<testsuite ignored="0" hostname="CTNL2104" failures="0" tests="6" name="SAMSUNG_GalaxyF145G_Android_13.0.0_dd226" time="560.773" errors="0" timestamp="2024-12-03T19:36:34 IST">
  <testcase classname="com.crestech.android.tests.IxigoAndroidTest" name="SRPWithoutLogin on [IxigoAndroidTest passed=0 failed=0 skipped=0]" time="100.897"/>
  <testcase classname="com.crestech.android.tests.IxigoAndroidTest" name="PreRequisiteScript on [IxigoAndroidTest passed=0 failed=0 skipped=0]" time="95.143"/>
  <testcase classname="com.crestech.android.tests.IxigoAndroidTest" name="DomesticFlightSearchOneWay on [IxigoAndroidTest passed=0 failed=0 skipped=0]" time="52.497"/>
  <testcase classname="com.crestech.android.tests.IxigoAndroidTest" name="DomesticToInternationalEconomicSearchFlightsOneWay on [IxigoAndroidTest passed=0 failed=0 skipped=0]" time="49.996"/>
  <testcase classname="com.crestech.android.tests.IxigoAndroidTest" name="DomesticToInternationalPremiumEconomicSearchFlightsRoundWay on [IxigoAndroidTest passed=0 failed=0 skipped=0]" time="78.206"/>
  <testcase classname="com.crestech.android.tests.IxigoAndroidTest" name="LogOutApp on [IxigoAndroidTest passed=0 failed=0 skipped=0]" time="32.269"/>
</testsuite> <!-- SAMSUNG_GalaxyF145G_Android_13.0.0_dd226 -->
