<?xml version="1.0" encoding="UTF-8"?>
<testng-results ignored="0" total="2" passed="1" failed="0" skipped="1">
  <reporter-output>
  </reporter-output>
  <suite started-at="2025-11-21T10:44:38 IST" name="pCloudy Android MCB Suite" finished-at="2025-11-21T10:45:11 IST" duration-ms="33215">
    <groups>
    </groups>
    <test started-at="2025-11-21T10:44:38 IST" name="SAMSUNG_GalaxyA33_Android_14.0.0_2944d" finished-at="2025-11-21T10:45:11 IST" duration-ms="33215">
      <class name="com.crestech.android.tests.McbAndroidTest">
        <test-method is-config="true" signature="beforeSuite()[pri:0, instance:[McbAndroidTest passed=0 failed=0 skipped=0]]" started-at="2025-11-21T10:44:29 IST" name="beforeSuite" finished-at="2025-11-21T10:44:38 IST" duration-ms="8384" status="PASS">
          <reporter-output>
          </reporter-output>
        </test-method> <!-- beforeSuite -->
        <test-method is-config="true" signature="startApp(java.lang.String,java.lang.String,java.lang.String,java.lang.String,java.lang.String,java.lang.String,java.lang.String,java.lang.reflect.Method,java.lang.String,org.testng.ITestContext)[pri:0, instance:[McbAndroidTest passed=0 failed=0 skipped=0]]" started-at="2025-11-21T10:44:38 IST" name="startApp" finished-at="2025-11-21T10:45:01 IST" duration-ms="22920" status="PASS">
          <params>
            <param index="0">
              <value>
                <![CDATA[SAMSUNG_GalaxyA33_Android_14.0.0_2944d]]>
              </value>
            </param>
            <param index="1">
              <value>
                <![CDATA[14.0.0]]>
              </value>
            </param>
            <param index="2">
              <value>
                <![CDATA[pCloudyAndroid]]>
              </value>
            </param>
            <param index="3">
              <value>
                <![CDATA[Samsung]]>
              </value>
            </param>
            <param index="4">
              <value>
                <![CDATA[8.1.0]]>
              </value>
            </param>
            <param index="5">
              <value>
                <![CDATA[15.0.0]]>
              </value>
            </param>
            <param index="6">
              <value>
                <![CDATA[1]]>
              </value>
            </param>
            <param index="7">
              <value>
                <![CDATA[public void com.crestech.android.tests.McbAndroidTest.checkConfig() throws java.lang.Exception]]>
              </value>
            </param>
            <param index="8">
              <value>
                <![CDATA[MCB]]>
              </value>
            </param>
            <param index="9">
              <value>
                <![CDATA[org.testng.TestRunner@11ed2896]]>
              </value>
            </param>
          </params>
          <reporter-output>
          </reporter-output>
        </test-method> <!-- startApp -->
        <test-method signature="checkConfig()[pri:0, instance:[McbAndroidTest passed=0 failed=0 skipped=0]]" started-at="2025-11-21T10:45:01 IST" name="checkConfig" finished-at="2025-11-21T10:45:02 IST" duration-ms="293" status="PASS">
          <reporter-output>
          </reporter-output>
        </test-method> <!-- checkConfig -->
        <test-method is-config="true" signature="getResult(org.testng.ITestResult,java.lang.String,java.lang.String)[pri:0, instance:[McbAndroidTest passed=0 failed=0 skipped=0]]" started-at="2025-11-21T10:45:03 IST" name="getResult" finished-at="2025-11-21T10:45:04 IST" duration-ms="1165" status="PASS">
          <params>
            <param index="0">
              <value>
                <![CDATA[[TestResult name=checkConfig on [McbAndroidTest passed=0 failed=0 skipped=0] status=SUCCESS method=McbAndroidTest.checkConfig()[pri:0, instance:[McbAndroidTest passed=0 failed=0 skipped=0]] output={null}]]]>
              </value>
            </param>
            <param index="1">
              <value>
                <![CDATA[SAMSUNG_GalaxyA33_Android_14.0.0_2944d]]>
              </value>
            </param>
            <param index="2">
              <value>
                <![CDATA[pCloudyAndroid]]>
              </value>
            </param>
          </params>
          <reporter-output>
          </reporter-output>
        </test-method> <!-- getResult -->
        <test-method is-config="true" signature="startApp(java.lang.String,java.lang.String,java.lang.String,java.lang.String,java.lang.String,java.lang.String,java.lang.String,java.lang.reflect.Method,java.lang.String,org.testng.ITestContext)[pri:0, instance:[McbAndroidTest passed=0 failed=0 skipped=0]]" started-at="2025-11-21T10:45:04 IST" name="startApp" finished-at="2025-11-21T10:45:11 IST" duration-ms="6660" status="SKIP">
          <params>
            <param index="0">
              <value>
                <![CDATA[SAMSUNG_GalaxyA33_Android_14.0.0_2944d]]>
              </value>
            </param>
            <param index="1">
              <value>
                <![CDATA[14.0.0]]>
              </value>
            </param>
            <param index="2">
              <value>
                <![CDATA[pCloudyAndroid]]>
              </value>
            </param>
            <param index="3">
              <value>
                <![CDATA[Samsung]]>
              </value>
            </param>
            <param index="4">
              <value>
                <![CDATA[8.1.0]]>
              </value>
            </param>
            <param index="5">
              <value>
                <![CDATA[15.0.0]]>
              </value>
            </param>
            <param index="6">
              <value>
                <![CDATA[1]]>
              </value>
            </param>
            <param index="7">
              <value>
                <![CDATA[public void com.crestech.android.tests.McbAndroidTest.MCBAppLogin(java.lang.String,java.lang.String,java.lang.String) throws java.lang.Exception]]>
              </value>
            </param>
            <param index="8">
              <value>
                <![CDATA[MCB]]>
              </value>
            </param>
            <param index="9">
              <value>
                <![CDATA[org.testng.TestRunner@11ed2896]]>
              </value>
            </param>
          </params>
          <exception class="org.testng.SkipException">
            <message>
              <![CDATA[Skipping test due to driver initialization failure: Could not start a new session. Response code 500. Message: No device is available currently 
Host info: host: 'CTNL2582', ip: '10.38.25.247'
Build info: version: '4.9.1', revision: 'eb2032df7f'
System info: os.name: 'Windows 11', os.arch: 'amd64', os.version: '10.0', java.version: '21.0.8'
Driver info: io.appium.java_client.android.AndroidDriver
Command: [null, newSession {capabilities=[{acceptInsecureCerts=true, appium:appActivity=eu.afse.omnia.prototype.usecases.splash.SplashScreenActivity, appium:appPackage=eu.afse.omnia.mcb.curacao, appium:autoGrantPermissions=true, appium:automationName=UiAutomator2, appium:fullReset=false, appium:launchTimeout=90000, appium:newCommandTimeout=20000, appium:noReset=true, appium:noSign=true, appium:pCloudy_ApiKey=mj2dswjphhw8b254tx8j2kkj, appium:pCloudy_ApplicationName=MCB.apk, appium:pCloudy_DeviceFullName=SAMSUNG_GalaxyA33_Android_14.0.0_2944d, appium:pCloudy_DurationInMinutes=20, appium:pCloudy_EnableVideo=false, appium:pCloudy_Endpoint=https://private-poc.pcloudy.com, appium:pCloudy_Username=shyam.dheer@crestechsoftware.com, appium:pCloudy_WildNet=false, platformName=ANDROID, appium:platformVersion=14.0.0, appium:project=Ixigo_Android, appium:tag=PublicCloud, appium:uiautomator2ServerLaunchTimeout=90000}], desiredCapabilities=Capabilities {acceptInsecureCerts: true, appActivity: eu.afse.omnia.prototype.use..., appPackage: eu.afse.omnia.mcb.curacao, autoGrantPermissions: true, automationName: UiAutomator2, fullReset: false, launchTimeout: 90000, newCommandTimeout: 20000, noReset: true, noSign: true, pCloudy_ApiKey: mj2dswjphhw8b254tx8j2kkj, pCloudy_ApplicationName: MCB.apk, pCloudy_DeviceFullName: SAMSUNG_GalaxyA33_Android_1..., pCloudy_DurationInMinutes: 20, pCloudy_EnableVideo: false, pCloudy_Endpoint: https://private-poc.pcloudy..., pCloudy_Username: shyam.dheer@crestechsoftwar..., pCloudy_WildNet: false, platformName: ANDROID, platformVersion: 14.0.0, project: Ixigo_Android, tag: PublicCloud, uiautomator2ServerLaunchTimeout: 90000}}]
Capabilities {acceptInsecureCerts: true, appActivity: eu.afse.omnia.prototype.use..., appPackage: eu.afse.omnia.mcb.curacao, autoGrantPermissions: true, automationName: UiAutomator2, fullReset: false, launchTimeout: 90000, newCommandTimeout: 20000, noReset: true, noSign: true, pCloudy_ApiKey: mj2dswjphhw8b254tx8j2kkj, pCloudy_ApplicationName: MCB.apk, pCloudy_DeviceFullName: SAMSUNG_GalaxyA33_Android_1..., pCloudy_DurationInMinutes: 20, pCloudy_EnableVideo: false, pCloudy_Endpoint: https://private-poc.pcloudy..., pCloudy_Username: shyam.dheer@crestechsoftwar..., pCloudy_WildNet: false, platformName: ANDROID, platformVersion: 14.0.0, project: Ixigo_Android, tag: PublicCloud, uiautomator2ServerLaunchTimeout: 90000}]]>
            </message>
            <full-stacktrace>
              <![CDATA[org.testng.SkipException: Skipping test due to driver initialization failure: Could not start a new session. Response code 500. Message: No device is available currently 
Host info: host: 'CTNL2582', ip: '10.38.25.247'
Build info: version: '4.9.1', revision: 'eb2032df7f'
System info: os.name: 'Windows 11', os.arch: 'amd64', os.version: '10.0', java.version: '21.0.8'
Driver info: io.appium.java_client.android.AndroidDriver
Command: [null, newSession {capabilities=[{acceptInsecureCerts=true, appium:appActivity=eu.afse.omnia.prototype.usecases.splash.SplashScreenActivity, appium:appPackage=eu.afse.omnia.mcb.curacao, appium:autoGrantPermissions=true, appium:automationName=UiAutomator2, appium:fullReset=false, appium:launchTimeout=90000, appium:newCommandTimeout=20000, appium:noReset=true, appium:noSign=true, appium:pCloudy_ApiKey=mj2dswjphhw8b254tx8j2kkj, appium:pCloudy_ApplicationName=MCB.apk, appium:pCloudy_DeviceFullName=SAMSUNG_GalaxyA33_Android_14.0.0_2944d, appium:pCloudy_DurationInMinutes=20, appium:pCloudy_EnableVideo=false, appium:pCloudy_Endpoint=https://private-poc.pcloudy.com, appium:pCloudy_Username=shyam.dheer@crestechsoftware.com, appium:pCloudy_WildNet=false, platformName=ANDROID, appium:platformVersion=14.0.0, appium:project=Ixigo_Android, appium:tag=PublicCloud, appium:uiautomator2ServerLaunchTimeout=90000}], desiredCapabilities=Capabilities {acceptInsecureCerts: true, appActivity: eu.afse.omnia.prototype.use..., appPackage: eu.afse.omnia.mcb.curacao, autoGrantPermissions: true, automationName: UiAutomator2, fullReset: false, launchTimeout: 90000, newCommandTimeout: 20000, noReset: true, noSign: true, pCloudy_ApiKey: mj2dswjphhw8b254tx8j2kkj, pCloudy_ApplicationName: MCB.apk, pCloudy_DeviceFullName: SAMSUNG_GalaxyA33_Android_1..., pCloudy_DurationInMinutes: 20, pCloudy_EnableVideo: false, pCloudy_Endpoint: https://private-poc.pcloudy..., pCloudy_Username: shyam.dheer@crestechsoftwar..., pCloudy_WildNet: false, platformName: ANDROID, platformVersion: 14.0.0, project: Ixigo_Android, tag: PublicCloud, uiautomator2ServerLaunchTimeout: 90000}}]
Capabilities {acceptInsecureCerts: true, appActivity: eu.afse.omnia.prototype.use..., appPackage: eu.afse.omnia.mcb.curacao, autoGrantPermissions: true, automationName: UiAutomator2, fullReset: false, launchTimeout: 90000, newCommandTimeout: 20000, noReset: true, noSign: true, pCloudy_ApiKey: mj2dswjphhw8b254tx8j2kkj, pCloudy_ApplicationName: MCB.apk, pCloudy_DeviceFullName: SAMSUNG_GalaxyA33_Android_1..., pCloudy_DurationInMinutes: 20, pCloudy_EnableVideo: false, pCloudy_Endpoint: https://private-poc.pcloudy..., pCloudy_Username: shyam.dheer@crestechsoftwar..., pCloudy_WildNet: false, platformName: ANDROID, platformVersion: 14.0.0, project: Ixigo_Android, tag: PublicCloud, uiautomator2ServerLaunchTimeout: 90000}
at com.crestech.base.UserBaseTest.startApp(UserBaseTest.java:167)
at java.base/jdk.internal.reflect.DirectMethodHandleAccessor.invoke(DirectMethodHandleAccessor.java:103)
at java.base/java.lang.reflect.Method.invoke(Method.java:580)
at org.testng.internal.invokers.MethodInvocationHelper.invokeMethod(MethodInvocationHelper.java:141)
at org.testng.internal.invokers.MethodInvocationHelper.invokeMethodConsideringTimeout(MethodInvocationHelper.java:71)
at org.testng.internal.invokers.ConfigInvoker.invokeConfigurationMethod(ConfigInvoker.java:400)
at org.testng.internal.invokers.ConfigInvoker.invokeConfigurations(ConfigInvoker.java:333)
at org.testng.internal.invokers.TestInvoker.runConfigMethods(TestInvoker.java:833)
at org.testng.internal.invokers.TestInvoker.invokeMethod(TestInvoker.java:600)
at org.testng.internal.invokers.TestInvoker.invokeTestMethod(TestInvoker.java:230)
at org.testng.internal.invokers.MethodRunner.runInSequence(MethodRunner.java:63)
at org.testng.internal.invokers.TestInvoker$MethodInvocationAgent.invoke(TestInvoker.java:992)
at org.testng.internal.invokers.TestInvoker.invokeTestMethods(TestInvoker.java:203)
at org.testng.internal.invokers.TestMethodWorker.invokeTestMethods(TestMethodWorker.java:154)
at org.testng.internal.invokers.TestMethodWorker.run(TestMethodWorker.java:134)
at java.base/java.util.ArrayList.forEach(ArrayList.java:1596)
at org.testng.TestRunner.privateRun(TestRunner.java:739)
at org.testng.TestRunner.run(TestRunner.java:614)
at org.testng.SuiteRunner.runTest(SuiteRunner.java:421)
at org.testng.SuiteRunner$SuiteWorker.run(SuiteRunner.java:463)
at org.testng.internal.thread.ThreadUtil.lambda$execute$0(ThreadUtil.java:64)
at java.base/java.util.concurrent.FutureTask.run(FutureTask.java:317)
at java.base/java.util.concurrent.ThreadPoolExecutor.runWorker(ThreadPoolExecutor.java:1144)
at java.base/java.util.concurrent.ThreadPoolExecutor$Worker.run(ThreadPoolExecutor.java:642)
at java.base/java.lang.Thread.run(Thread.java:1583)
]]>
            </full-stacktrace>
          </exception> <!-- org.testng.SkipException -->
          <reporter-output>
          </reporter-output>
        </test-method> <!-- startApp -->
        <test-method signature="MCBAppLogin(java.lang.String,java.lang.String,java.lang.String)[pri:1, instance:[McbAndroidTest passed=0 failed=0 skipped=0]]" started-at="2025-11-21T10:45:11 IST" name="MCBAppLogin" description="Verify Through MCB App" finished-at="2025-11-21T10:45:11 IST" duration-ms="0" status="SKIP">
          <params>
            <param index="0">
              <value>
                <![CDATA[7701833994]]>
              </value>
            </param>
            <param index="1">
              <value>
                <![CDATA[3672]]>
              </value>
            </param>
            <param index="2">
              <value>
                <![CDATA[MCB]]>
              </value>
            </param>
          </params>
          <exception class="org.testng.SkipException">
            <message>
              <![CDATA[Skipping test due to driver initialization failure: Could not start a new session. Response code 500. Message: No device is available currently 
Host info: host: 'CTNL2582', ip: '10.38.25.247'
Build info: version: '4.9.1', revision: 'eb2032df7f'
System info: os.name: 'Windows 11', os.arch: 'amd64', os.version: '10.0', java.version: '21.0.8'
Driver info: io.appium.java_client.android.AndroidDriver
Command: [null, newSession {capabilities=[{acceptInsecureCerts=true, appium:appActivity=eu.afse.omnia.prototype.usecases.splash.SplashScreenActivity, appium:appPackage=eu.afse.omnia.mcb.curacao, appium:autoGrantPermissions=true, appium:automationName=UiAutomator2, appium:fullReset=false, appium:launchTimeout=90000, appium:newCommandTimeout=20000, appium:noReset=true, appium:noSign=true, appium:pCloudy_ApiKey=mj2dswjphhw8b254tx8j2kkj, appium:pCloudy_ApplicationName=MCB.apk, appium:pCloudy_DeviceFullName=SAMSUNG_GalaxyA33_Android_14.0.0_2944d, appium:pCloudy_DurationInMinutes=20, appium:pCloudy_EnableVideo=false, appium:pCloudy_Endpoint=https://private-poc.pcloudy.com, appium:pCloudy_Username=shyam.dheer@crestechsoftware.com, appium:pCloudy_WildNet=false, platformName=ANDROID, appium:platformVersion=14.0.0, appium:project=Ixigo_Android, appium:tag=PublicCloud, appium:uiautomator2ServerLaunchTimeout=90000}], desiredCapabilities=Capabilities {acceptInsecureCerts: true, appActivity: eu.afse.omnia.prototype.use..., appPackage: eu.afse.omnia.mcb.curacao, autoGrantPermissions: true, automationName: UiAutomator2, fullReset: false, launchTimeout: 90000, newCommandTimeout: 20000, noReset: true, noSign: true, pCloudy_ApiKey: mj2dswjphhw8b254tx8j2kkj, pCloudy_ApplicationName: MCB.apk, pCloudy_DeviceFullName: SAMSUNG_GalaxyA33_Android_1..., pCloudy_DurationInMinutes: 20, pCloudy_EnableVideo: false, pCloudy_Endpoint: https://private-poc.pcloudy..., pCloudy_Username: shyam.dheer@crestechsoftwar..., pCloudy_WildNet: false, platformName: ANDROID, platformVersion: 14.0.0, project: Ixigo_Android, tag: PublicCloud, uiautomator2ServerLaunchTimeout: 90000}}]
Capabilities {acceptInsecureCerts: true, appActivity: eu.afse.omnia.prototype.use..., appPackage: eu.afse.omnia.mcb.curacao, autoGrantPermissions: true, automationName: UiAutomator2, fullReset: false, launchTimeout: 90000, newCommandTimeout: 20000, noReset: true, noSign: true, pCloudy_ApiKey: mj2dswjphhw8b254tx8j2kkj, pCloudy_ApplicationName: MCB.apk, pCloudy_DeviceFullName: SAMSUNG_GalaxyA33_Android_1..., pCloudy_DurationInMinutes: 20, pCloudy_EnableVideo: false, pCloudy_Endpoint: https://private-poc.pcloudy..., pCloudy_Username: shyam.dheer@crestechsoftwar..., pCloudy_WildNet: false, platformName: ANDROID, platformVersion: 14.0.0, project: Ixigo_Android, tag: PublicCloud, uiautomator2ServerLaunchTimeout: 90000}]]>
            </message>
            <full-stacktrace>
              <![CDATA[org.testng.SkipException: Skipping test due to driver initialization failure: Could not start a new session. Response code 500. Message: No device is available currently 
Host info: host: 'CTNL2582', ip: '10.38.25.247'
Build info: version: '4.9.1', revision: 'eb2032df7f'
System info: os.name: 'Windows 11', os.arch: 'amd64', os.version: '10.0', java.version: '21.0.8'
Driver info: io.appium.java_client.android.AndroidDriver
Command: [null, newSession {capabilities=[{acceptInsecureCerts=true, appium:appActivity=eu.afse.omnia.prototype.usecases.splash.SplashScreenActivity, appium:appPackage=eu.afse.omnia.mcb.curacao, appium:autoGrantPermissions=true, appium:automationName=UiAutomator2, appium:fullReset=false, appium:launchTimeout=90000, appium:newCommandTimeout=20000, appium:noReset=true, appium:noSign=true, appium:pCloudy_ApiKey=mj2dswjphhw8b254tx8j2kkj, appium:pCloudy_ApplicationName=MCB.apk, appium:pCloudy_DeviceFullName=SAMSUNG_GalaxyA33_Android_14.0.0_2944d, appium:pCloudy_DurationInMinutes=20, appium:pCloudy_EnableVideo=false, appium:pCloudy_Endpoint=https://private-poc.pcloudy.com, appium:pCloudy_Username=shyam.dheer@crestechsoftware.com, appium:pCloudy_WildNet=false, platformName=ANDROID, appium:platformVersion=14.0.0, appium:project=Ixigo_Android, appium:tag=PublicCloud, appium:uiautomator2ServerLaunchTimeout=90000}], desiredCapabilities=Capabilities {acceptInsecureCerts: true, appActivity: eu.afse.omnia.prototype.use..., appPackage: eu.afse.omnia.mcb.curacao, autoGrantPermissions: true, automationName: UiAutomator2, fullReset: false, launchTimeout: 90000, newCommandTimeout: 20000, noReset: true, noSign: true, pCloudy_ApiKey: mj2dswjphhw8b254tx8j2kkj, pCloudy_ApplicationName: MCB.apk, pCloudy_DeviceFullName: SAMSUNG_GalaxyA33_Android_1..., pCloudy_DurationInMinutes: 20, pCloudy_EnableVideo: false, pCloudy_Endpoint: https://private-poc.pcloudy..., pCloudy_Username: shyam.dheer@crestechsoftwar..., pCloudy_WildNet: false, platformName: ANDROID, platformVersion: 14.0.0, project: Ixigo_Android, tag: PublicCloud, uiautomator2ServerLaunchTimeout: 90000}}]
Capabilities {acceptInsecureCerts: true, appActivity: eu.afse.omnia.prototype.use..., appPackage: eu.afse.omnia.mcb.curacao, autoGrantPermissions: true, automationName: UiAutomator2, fullReset: false, launchTimeout: 90000, newCommandTimeout: 20000, noReset: true, noSign: true, pCloudy_ApiKey: mj2dswjphhw8b254tx8j2kkj, pCloudy_ApplicationName: MCB.apk, pCloudy_DeviceFullName: SAMSUNG_GalaxyA33_Android_1..., pCloudy_DurationInMinutes: 20, pCloudy_EnableVideo: false, pCloudy_Endpoint: https://private-poc.pcloudy..., pCloudy_Username: shyam.dheer@crestechsoftwar..., pCloudy_WildNet: false, platformName: ANDROID, platformVersion: 14.0.0, project: Ixigo_Android, tag: PublicCloud, uiautomator2ServerLaunchTimeout: 90000}
at com.crestech.base.UserBaseTest.startApp(UserBaseTest.java:167)
at java.base/jdk.internal.reflect.DirectMethodHandleAccessor.invoke(DirectMethodHandleAccessor.java:103)
at java.base/java.lang.reflect.Method.invoke(Method.java:580)
at org.testng.internal.invokers.MethodInvocationHelper.invokeMethod(MethodInvocationHelper.java:141)
at org.testng.internal.invokers.MethodInvocationHelper.invokeMethodConsideringTimeout(MethodInvocationHelper.java:71)
at org.testng.internal.invokers.ConfigInvoker.invokeConfigurationMethod(ConfigInvoker.java:400)
at org.testng.internal.invokers.ConfigInvoker.invokeConfigurations(ConfigInvoker.java:333)
at org.testng.internal.invokers.TestInvoker.runConfigMethods(TestInvoker.java:833)
at org.testng.internal.invokers.TestInvoker.invokeMethod(TestInvoker.java:600)
at org.testng.internal.invokers.TestInvoker.invokeTestMethod(TestInvoker.java:230)
at org.testng.internal.invokers.MethodRunner.runInSequence(MethodRunner.java:63)
at org.testng.internal.invokers.TestInvoker$MethodInvocationAgent.invoke(TestInvoker.java:992)
at org.testng.internal.invokers.TestInvoker.invokeTestMethods(TestInvoker.java:203)
at org.testng.internal.invokers.TestMethodWorker.invokeTestMethods(TestMethodWorker.java:154)
at org.testng.internal.invokers.TestMethodWorker.run(TestMethodWorker.java:134)
at java.base/java.util.ArrayList.forEach(ArrayList.java:1596)
at org.testng.TestRunner.privateRun(TestRunner.java:739)
at org.testng.TestRunner.run(TestRunner.java:614)
at org.testng.SuiteRunner.runTest(SuiteRunner.java:421)
at org.testng.SuiteRunner$SuiteWorker.run(SuiteRunner.java:463)
at org.testng.internal.thread.ThreadUtil.lambda$execute$0(ThreadUtil.java:64)
at java.base/java.util.concurrent.FutureTask.run(FutureTask.java:317)
at java.base/java.util.concurrent.ThreadPoolExecutor.runWorker(ThreadPoolExecutor.java:1144)
at java.base/java.util.concurrent.ThreadPoolExecutor$Worker.run(ThreadPoolExecutor.java:642)
at java.base/java.lang.Thread.run(Thread.java:1583)
]]>
            </full-stacktrace>
          </exception> <!-- org.testng.SkipException -->
          <reporter-output>
          </reporter-output>
        </test-method> <!-- MCBAppLogin -->
        <test-method is-config="true" signature="getResult(org.testng.ITestResult,java.lang.String,java.lang.String)[pri:0, instance:[McbAndroidTest passed=0 failed=0 skipped=0]]" started-at="2025-11-21T10:45:11 IST" name="getResult" finished-at="2025-11-21T10:45:11 IST" duration-ms="3" status="PASS">
          <params>
            <param index="0">
              <value>
                <![CDATA[[TestResult name=MCBAppLogin on [McbAndroidTest passed=0 failed=0 skipped=0] status=SKIP method=McbAndroidTest.MCBAppLogin(java.lang.String,java.lang.String,java.lang.String)[pri:1, instance:[McbAndroidTest passed=0 failed=0 skipped=0]] output={null}]]]>
              </value>
            </param>
            <param index="1">
              <value>
                <![CDATA[SAMSUNG_GalaxyA33_Android_14.0.0_2944d]]>
              </value>
            </param>
            <param index="2">
              <value>
                <![CDATA[pCloudyAndroid]]>
              </value>
            </param>
          </params>
          <reporter-output>
          </reporter-output>
        </test-method> <!-- getResult -->
        <test-method is-config="true" signature="closeSuite()[pri:0, instance:[McbAndroidTest passed=0 failed=0 skipped=0]]" started-at="2025-11-21T10:45:14 IST" name="closeSuite" finished-at="2025-11-21T10:45:14 IST" duration-ms="6" status="PASS">
          <reporter-output>
          </reporter-output>
        </test-method> <!-- closeSuite -->
        <test-method is-config="true" signature="flushReport()[pri:0, instance:[McbAndroidTest passed=0 failed=0 skipped=0]]" started-at="2025-11-21T10:45:14 IST" name="flushReport" finished-at="2025-11-21T10:45:16 IST" duration-ms="2473" status="PASS">
          <reporter-output>
          </reporter-output>
        </test-method> <!-- flushReport -->
      </class> <!-- com.crestech.android.tests.McbAndroidTest -->
    </test> <!-- SAMSUNG_GalaxyA33_Android_14.0.0_2944d -->
  </suite> <!-- pCloudy Android MCB Suite -->
</testng-results>
