<?xml version="1.0" encoding="UTF-8"?>
<!-- Generated by org.testng.reporters.JUnitReportReporter -->
<testsuite hostname="CTNL2104" failures="0" tests="5" name="com.crestech.android.tests.Ixigo_IOSTest" time="629.259" errors="0" timestamp="2024-12-10T14:42:07 IST" skipped="0">
  <testcase classname="com.crestech.android.tests.Ixigo_IOSTest" name="PreRequisiteScript" time="129.222"/>
  <testcase classname="com.crestech.android.tests.Ixigo_IOSTest" name="LaunchingHotelApp" time="15.672"/>
  <testcase classname="com.crestech.android.tests.Ixigo_IOSTest" name="LaunchingTrainsApp" time="13.381"/>
  <testcase classname="com.crestech.android.tests.Ixigo_IOSTest" name="LogOutApp" time="17.387"/>
  <testcase classname="com.crestech.android.tests.Ixigo_IOSTest" name="SRPWithoutLogin" time="453.597"/>
</testsuite> <!-- com.crestech.android.tests.Ixigo_IOSTest -->
