<?xml version="1.0" encoding="UTF-8"?>
<!-- Generated by org.testng.reporters.JUnitReportReporter -->
<testsuite hostname="CTNL2104" failures="1" tests="3" name="com.crestech.android.tests.DBSAndroidTest" time="427.170" errors="0" timestamp="2024-11-20T13:54:28 IST" skipped="0">
  <testcase classname="com.crestech.android.tests.DBSAndroidTest" name="PreRequisiteScript" time="137.324"/>
  <testcase classname="com.crestech.android.tests.DBSAndroidTest" name="Logout_ONEAPP" time="157.372"/>
  <testcase classname="com.crestech.android.tests.DBSAndroidTest" name="PlaceOrderWithCODPaymentMethod" time="132.474">
    <failure message="FUNCTIONAL_EXCEPTION--&gt;  Failed to Select Address From dropdown   " type="java.lang.AssertionError">
      <![CDATA[java.lang.AssertionError: FUNCTIONAL_EXCEPTION-->  Failed to Select Address From dropdown   
at org.testng.Assert.fail(Assert.java:97)
at com.crestech.common.utilities.Asserts.assertFail(Asserts.java:222)
at com.crestech.android.tests.DBSAndroidTest.PlaceOrderWithCODPaymentMethod(DBSAndroidTest.java:94)
at java.base/jdk.internal.reflect.DirectMethodHandleAccessor.invoke(DirectMethodHandleAccessor.java:103)
at java.base/java.lang.reflect.Method.invoke(Method.java:580)
at org.testng.internal.MethodInvocationHelper.invokeMethod(MethodInvocationHelper.java:133)
at org.testng.internal.TestInvoker.invokeMethod(TestInvoker.java:584)
at org.testng.internal.TestInvoker.invokeTestMethod(TestInvoker.java:172)
at org.testng.internal.MethodRunner.runInSequence(MethodRunner.java:46)
at org.testng.internal.TestInvoker$MethodInvocationAgent.invoke(TestInvoker.java:804)
at org.testng.internal.TestInvoker.invokeTestMethods(TestInvoker.java:145)
at org.testng.internal.TestMethodWorker.invokeTestMethods(TestMethodWorker.java:146)
at org.testng.internal.TestMethodWorker.run(TestMethodWorker.java:128)
at java.base/java.util.ArrayList.forEach(ArrayList.java:1597)
at org.testng.TestRunner.privateRun(TestRunner.java:770)
at org.testng.TestRunner.run(TestRunner.java:591)
at org.testng.SuiteRunner.runTest(SuiteRunner.java:402)
at org.testng.SuiteRunner.access$000(SuiteRunner.java:41)
at org.testng.SuiteRunner$SuiteWorker.run(SuiteRunner.java:443)
at org.testng.internal.thread.ThreadUtil.lambda$execute$0(ThreadUtil.java:67)
at java.base/java.util.concurrent.FutureTask.run(FutureTask.java:317)
at java.base/java.util.concurrent.ThreadPoolExecutor.runWorker(ThreadPoolExecutor.java:1144)
at java.base/java.util.concurrent.ThreadPoolExecutor$Worker.run(ThreadPoolExecutor.java:642)
at java.base/java.lang.Thread.run(Thread.java:1570)
]]>
    </failure>
  </testcase> <!-- PlaceOrderWithCODPaymentMethod -->
</testsuite> <!-- com.crestech.android.tests.DBSAndroidTest -->
