<?xml version="1.0" encoding="UTF-8"?>
<!-- Generated by org.testng.reporters.JUnitReportReporter -->
<testsuite hostname="CTNL2582" failures="0" tests="2" name="com.crestech.android.tests.McbAndroidTest" time="24.381" errors="0" timestamp="2025-11-21T10:45:18 IST" skipped="1">
  <testcase classname="com.crestech.android.tests.McbAndroidTest" name="checkConfig" time="24.378"/>
  <testcase classname="com.crestech.android.tests.McbAndroidTest" name="MCBAppLogin" time="0.003">
    <skipped/>
  </testcase> <!-- MCBAppLogin -->
</testsuite> <!-- com.crestech.android.tests.McbAndroidTest -->
