<?xml version="1.0" encoding="UTF-8"?>
<!-- Generated by org.testng.reporters.JUnitXMLReporter -->
<testsuite ignored="0" hostname="CTNL2104" failures="0" tests="5" name="APPLE_iPhone11ProMax_iOS_15.0.0_b99a8" time="637.107" errors="0" timestamp="2024-12-10T14:42:07 IST">
  <testcase classname="com.crestech.android.tests.Ixigo_IOSTest" name="PreRequisiteScript on [Ixigo_IOSTest passed=0 failed=0 skipped=0]" time="124.491"/>
  <testcase classname="com.crestech.android.tests.Ixigo_IOSTest" name="LaunchingHotelApp on [Ixigo_IOSTest passed=0 failed=0 skipped=0]" time="10.968"/>
  <testcase classname="com.crestech.android.tests.Ixigo_IOSTest" name="LaunchingTrainsApp on [Ixigo_IOSTest passed=0 failed=0 skipped=0]" time="8.419"/>
  <testcase classname="com.crestech.android.tests.Ixigo_IOSTest" name="LogOutApp on [Ixigo_IOSTest passed=0 failed=0 skipped=0]" time="12.765"/>
  <testcase classname="com.crestech.android.tests.Ixigo_IOSTest" name="SRPWithoutLogin on [Ixigo_IOSTest passed=0 failed=0 skipped=0]" time="393.215"/>
</testsuite> <!-- APPLE_iPhone11ProMax_iOS_15.0.0_b99a8 -->
