<?xml version="1.0" encoding="UTF-8"?>
<!-- Generated by org.testng.reporters.JUnitXMLReporter -->
<testsuite ignored="0" hostname="CTNL2134" failures="0" tests="2" name="APPLE_iPhone11ProMax_iOS_15.0.0_b99a8" time="85.748" errors="0" timestamp="2024-11-29T15:41:45 IST">
  <testcase classname="com.crestech.base.UserBaseTest" name="@BeforeMethod startApp" time="0.242">
    <failure type="java.io.FileNotFoundException" message="D:\ixigo\Ixigo_Automation\TestData\TestData.xlsx (The process cannot access the file because it is being used by another process)">
      <![CDATA[java.io.FileNotFoundException: D:\ixigo\Ixigo_Automation\TestData\TestData.xlsx (The process cannot access the file because it is being used by another process)
at java.base/java.io.FileOutputStream.open0(Native Method)
at java.base/java.io.FileOutputStream.open(FileOutputStream.java:289)
at java.base/java.io.FileOutputStream.<init>(FileOutputStream.java:230)
at java.base/java.io.FileOutputStream.<init>(FileOutputStream.java:179)
at org.apache.poi.openxml4j.opc.internal.FileHelper.copyFile(FileHelper.java:67)
at org.apache.poi.openxml4j.opc.ZipPackage.closeImpl(ZipPackage.java:435)
at org.apache.poi.openxml4j.opc.OPCPackage.close(OPCPackage.java:457)
at org.apache.poi.ooxml.POIXMLDocument.close(POIXMLDocument.java:204)
at org.apache.poi.xssf.usermodel.XSSFWorkbook.close(XSSFWorkbook.java:594)
at com.crestech.common.utilities.ExcelUtils.readExcel(ExcelUtils.java:81)
at com.crestech.base.UserBaseTest.startApp(UserBaseTest.java:97)
at java.base/java.util.ArrayList.forEach(ArrayList.java:1597)
at java.base/java.util.concurrent.FutureTask.run(FutureTask.java:317)
at java.base/java.util.concurrent.ThreadPoolExecutor.runWorker(ThreadPoolExecutor.java:1144)
at java.base/java.util.concurrent.ThreadPoolExecutor$Worker.run(ThreadPoolExecutor.java:642)
at java.base/java.lang.Thread.run(Thread.java:1570)
... Removed 20 stack frames]]>
    </failure>
  </testcase> <!-- @BeforeMethod startApp -->
  <testcase classname="com.crestech.android.tests.IxigoAndroidTest" name="PreRequisiteScript on [IxigoAndroidTest passed=0 failed=0 skipped=0]" time="30.583">
    <skipped/>
  </testcase> <!-- PreRequisiteScript on [IxigoAndroidTest passed=0 failed=0 skipped=0] -->
  <testcase classname="com.crestech.android.tests.IxigoAndroidTest" name="PreRequisiteScript on [IxigoAndroidTest passed=0 failed=0 skipped=0]" time="0.0">
    <skipped/>
  </testcase> <!-- PreRequisiteScript on [IxigoAndroidTest passed=0 failed=0 skipped=0] -->
</testsuite> <!-- APPLE_iPhone11ProMax_iOS_15.0.0_b99a8 -->
