<?xml version="1.0" encoding="UTF-8"?>
<!-- Generated by org.testng.reporters.JUnitXMLReporter -->
<testsuite ignored="0" hostname="CTNL2104" failures="0" tests="1" name="ONEPLUS_10R5G_Android_13.0.0_d547f" time="24.12" errors="0" timestamp="2024-11-13T15:00:25 IST">
  <testcase classname="com.crestech.base.UserBaseTest" name="@BeforeMethod startApp" time="23.659">
    <failure type="org.openqa.selenium.SessionNotCreatedException" message="Unable to create a new remote session. Please check the server log for more details. Original error: An unknown server-side error occurred while processing the command. Original error: Error executing adbExec. Original error: &amp;apos;Command &amp;apos;/opt/build/android/platform-tools/adb -P 5037 -s VKXCKBEUZX49JNQW shell &amp;apos;settings delete global hidden_api_policy_pre_p_apps;settings delete global hidden_api_policy_p_apps;settings delete global hidden_api_policy&amp;apos;&amp;apos; exited with code 255&amp;apos;; Stderr: &amp;apos;Exception occurred while executing &amp;apos;delete&amp;apos;:
java.lang.SecurityException: Permission denial: writing to settings requires:android.permission.WRITE_SECURE_SETTINGS
	at com.android.providers.settings.SettingsProvider.enforceWritePermission(SettingsProvider.java:2562)
	at com.android.providers.settings.SettingsProvider.mutateGlobalSetting(SettingsProvider.java:1563)
	at com.android.providers.settings.SettingsProvider.mutateGlobalSetting(SettingsProvider.java:1555)
	at com.android.providers.settings.SettingsProvider.deleteGlobalSetting(SettingsProvider.java:1526)
	at com.android.providers.settings.SettingsProvider.call(SettingsProvider.java:569)
	at android.content.ContentProvider.call(ContentProvider.java:2548)
	at android.content.ContentProvider$Transport.call(ContentProvider.java:538)
	at com.android.providers.settings.SettingsService$MyShellCommand.deleteForUser(SettingsService.java:410)
	at com.android.providers.settings.SettingsService$MyShellCommand.onCommand(SettingsService.java:284)
	at com.android.modules.utils.BasicShellCommandHandler.exec(BasicShellCommandHandler.java:97)
	at android.os.ShellCommand.exec(ShellCommand.java:38)
	at com.android.providers.settings.SettingsService.onShellCommand(SettingsService.java:51)
	at android.os.Binder.shellCommand(Binder.java:1073)
	at android.os.Binder.onTransact(Binder.java:901)
	at android.os.Binder.execTransactInternal(Binder.java:1331)
	at android.os.Binder.execTransact(Binder.java:1268)

Exception occurred while executing &amp;apos;delete&amp;apos;:
java.lang.SecurityException: Permission denial: writing to settings requires:android.permission.WRITE_SECURE_SETTINGS
	at com.android.providers.settings.SettingsProvider.enforceWritePermission(SettingsProvider.java:2562)
	at com.android.providers.settings.SettingsProvider.mutateGlobalSetting(SettingsProvider.java:1563)
	at com.android.providers.settings.SettingsProvider.mutateGlobalSetting(SettingsProvider.java:1555)
	at com.android.providers.settings.SettingsProvider.deleteGlobalSetting(SettingsProvider.java:1526)
	at com.android.providers.settings.SettingsProvider.call(SettingsProvider.java:569)
	at android.content.ContentProvider.call(ContentProvider.java:2548)
	at android.content.ContentProvider$Transport.call(ContentProvider.java:538)
	at com.android.providers.settings.SettingsService$MyShellCommand.deleteForUser(SettingsService.java:410)
	at com.android.providers.settings.SettingsService$MyShellCommand.onCommand(SettingsService.java:284)
	at com.android.modules.utils.BasicShellCommandHandler.exec(BasicShellCommandHandler.java:97)
	at android.os.ShellCommand.exec(ShellCommand.java:38)
	at com.android.providers.settings.SettingsService.onShellCommand(SettingsService.java:51)
	at android.os.Binder.shellCommand(Binder.java:1073)
	at android.os.Binder.onTransact(Binder.java:901)
	at android.os.Binder.execTransactInternal(Binder.java:1331)
	at android.os.Binder.execTransact(Binder.java:1268)

Exception occurred while executing &amp;apos;delete&amp;apos;:
java.lang.SecurityException: Permission denial: writing to settings requires:android.permission.WRITE_SECURE_SETTINGS
	at com.android.providers.settings.SettingsProvider.enforceWritePermission(SettingsProvider.java:2562)
	at com.android.providers.settings.SettingsProvider.mutateGlobalSetting(SettingsProvider.java:1563)
	at com.android.providers.settings.SettingsProvider.mutateGlobalSetting(SettingsProvider.java:1555)
	at com.android.providers.settings.SettingsProvider.deleteGlobalSetting(SettingsProvider.java:1526)
	at com.android.providers.settings.SettingsProvider.call(SettingsProvider.java:569)
	at android.content.ContentProvider.call(ContentProvider.java:2548)
	at android.content.ContentProvider$Transport.call(ContentProvider.java:538)
	at com.android.providers.settings.SettingsService$MyShellCommand.deleteForUser(SettingsService.java:410)
	at com.android.providers.settings.SettingsService$MyShellCommand.onCommand(SettingsService.java:284)
	at com.android.modules.utils.BasicShellCommandHandler.exec(BasicShellCommandHandler.java:97)
	at android.os.ShellCommand.exec(ShellCommand.java:38)
	at com.android.providers.settings.SettingsService.onShellCommand(SettingsService.java:51)
	at android.os.Binder.shellCommand(Binder.java:1073)
	at android.os.Binder.onTransact(Binder.java:901)
	at android.os.Binder.execTransactInternal(Binder.java:1331)
	at android.os.Binder.execTransact(Binder.java:1268)&amp;apos;; Code: &amp;apos;255&amp;apos;
Build info: version: &amp;apos;3.141.59&amp;apos;, revision: &amp;apos;e82be7d358&amp;apos;, time: &amp;apos;2018-11-14T08:17:03&amp;apos;
System info: host: &amp;apos;CTNL2104&amp;apos;, ip: &amp;apos;192.168.197.135&amp;apos;, os.name: &amp;apos;Windows 11&amp;apos;, os.arch: &amp;apos;amd64&amp;apos;, os.version: &amp;apos;10.0&amp;apos;, java.version: &amp;apos;22.0.2&amp;apos;
Driver info: driver.version: AndroidDriver
remote stacktrace: UnknownError: An unknown server-side error occurred while processing the command. Original error: Error executing adbExec. Original error: &amp;apos;Command &amp;apos;/opt/build/android/platform-tools/adb -P 5037 -s VKXCKBEUZX49JNQW shell &amp;apos;settings delete global hidden_api_policy_pre_p_apps;settings delete global hidden_api_policy_p_apps;settings delete global hidden_api_policy&amp;apos;&amp;apos; exited with code 255&amp;apos;; Stderr: &amp;apos;Exception occurred while executing &amp;apos;delete&amp;apos;:
java.lang.SecurityException: Permission denial: writing to settings requires:android.permission.WRITE_SECURE_SETTINGS
	at com.android.providers.settings.SettingsProvider.enforceWritePermission(SettingsProvider.java:2562)
	at com.android.providers.settings.SettingsProvider.mutateGlobalSetting(SettingsProvider.java:1563)
	at com.android.providers.settings.SettingsProvider.mutateGlobalSetting(SettingsProvider.java:1555)
	at com.android.providers.settings.SettingsProvider.deleteGlobalSetting(SettingsProvider.java:1526)
	at com.android.providers.settings.SettingsProvider.call(SettingsProvider.java:569)
	at android.content.ContentProvider.call(ContentProvider.java:2548)
	at android.content.ContentProvider$Transport.call(ContentProvider.java:538)
	at com.android.providers.settings.SettingsService$MyShellCommand.deleteForUser(SettingsService.java:410)
	at com.android.providers.settings.SettingsService$MyShellCommand.onCommand(SettingsService.java:284)
	at com.android.modules.utils.BasicShellCommandHandler.exec(BasicShellCommandHandler.java:97)
	at android.os.ShellCommand.exec(ShellCommand.java:38)
	at com.android.providers.settings.SettingsService.onShellCommand(SettingsService.java:51)
	at android.os.Binder.shellCommand(Binder.java:1073)
	at android.os.Binder.onTransact(Binder.java:901)
	at android.os.Binder.execTransactInternal(Binder.java:1331)
	at android.os.Binder.execTransact(Binder.java:1268)

Exception occurred while executing &amp;apos;delete&amp;apos;:
java.lang.SecurityException: Permission denial: writing to settings requires:android.permission.WRITE_SECURE_SETTINGS
	at com.android.providers.settings.SettingsProvider.enforceWritePermission(SettingsProvider.java:2562)
	at com.android.providers.settings.SettingsProvider.mutateGlobalSetting(SettingsProvider.java:1563)
	at com.android.providers.settings.SettingsProvider.mutateGlobalSetting(SettingsProvider.java:1555)
	at com.android.providers.settings.SettingsProvider.deleteGlobalSetting(SettingsProvider.java:1526)
	at com.android.providers.settings.SettingsProvider.call(SettingsProvider.java:569)
	at android.content.ContentProvider.call(ContentProvider.java:2548)
	at android.content.ContentProvider$Transport.call(ContentProvider.java:538)
	at com.android.providers.settings.SettingsService$MyShellCommand.deleteForUser(SettingsService.java:410)
	at com.android.providers.settings.SettingsService$MyShellCommand.onCommand(SettingsService.java:284)
	at com.android.modules.utils.BasicShellCommandHandler.exec(BasicShellCommandHandler.java:97)
	at android.os.ShellCommand.exec(ShellCommand.java:38)
	at com.android.providers.settings.SettingsService.onShellCommand(SettingsService.java:51)
	at android.os.Binder.shellCommand(Binder.java:1073)
	at android.os.Binder.onTransact(Binder.java:901)
	at android.os.Binder.execTransactInternal(Binder.java:1331)
	at android.os.Binder.execTransact(Binder.java:1268)

Exception occurred while executing &amp;apos;delete&amp;apos;:
java.lang.SecurityException: Permission denial: writing to settings requires:android.permission.WRITE_SECURE_SETTINGS
	at com.android.providers.settings.SettingsProvider.enforceWritePermission(SettingsProvider.java:2562)
	at com.android.providers.settings.SettingsProvider.mutateGlobalSetting(SettingsProvider.java:1563)
	at com.android.providers.settings.SettingsProvider.mutateGlobalSetting(SettingsProvider.java:1555)
	at com.android.providers.settings.SettingsProvider.deleteGlobalSetting(SettingsProvider.java:1526)
	at com.android.providers.settings.SettingsProvider.call(SettingsProvider.java:569)
	at android.content.ContentProvider.call(ContentProvider.java:2548)
	at android.content.ContentProvider$Transport.call(ContentProvider.java:538)
	at com.android.providers.settings.SettingsService$MyShellCommand.deleteForUser(SettingsService.java:410)
	at com.android.providers.settings.SettingsService$MyShellCommand.onCommand(SettingsService.java:284)
	at com.android.modules.utils.BasicShellCommandHandler.exec(BasicShellCommandHandler.java:97)
	at android.os.ShellCommand.exec(ShellCommand.java:38)
	at com.android.providers.settings.SettingsService.onShellCommand(SettingsService.java:51)
	at android.os.Binder.shellCommand(Binder.java:1073)
	at android.os.Binder.onTransact(Binder.java:901)
	at android.os.Binder.execTransactInternal(Binder.java:1331)
	at android.os.Binder.execTransact(Binder.java:1268)&amp;apos;; Code: &amp;apos;255&amp;apos;
    at getResponseForW3CError (/usr/local/avm/versions/1.22.0/node_modules/appium/node_modules/appium-base-driver/lib/protocol/errors.js:804:9)
    at asyncHandler (/usr/local/avm/versions/1.22.0/node_modules/appium/node_modules/appium-base-driver/lib/protocol/protocol.js:380:37)
Build info: version: &amp;apos;3.141.59&amp;apos;, revision: &amp;apos;e82be7d358&amp;apos;, time: &amp;apos;2018-11-14T08:17:03&amp;apos;
System info: host: &amp;apos;CTNL2104&amp;apos;, ip: &amp;apos;192.168.197.135&amp;apos;, os.name: &amp;apos;Windows 11&amp;apos;, os.arch: &amp;apos;amd64&amp;apos;, os.version: &amp;apos;10.0&amp;apos;, java.version: &amp;apos;22.0.2&amp;apos;
Driver info: driver.version: AndroidDriver">
      <![CDATA[org.openqa.selenium.SessionNotCreatedException: Unable to create a new remote session. Please check the server log for more details. Original error: An unknown server-side error occurred while processing the command. Original error: Error executing adbExec. Original error: 'Command '/opt/build/android/platform-tools/adb -P 5037 -s VKXCKBEUZX49JNQW shell 'settings delete global hidden_api_policy_pre_p_apps;settings delete global hidden_api_policy_p_apps;settings delete global hidden_api_policy'' exited with code 255'; Stderr: 'Exception occurred while executing 'delete':
java.lang.SecurityException: Permission denial: writing to settings requires:android.permission.WRITE_SECURE_SETTINGS
at com.android.providers.settings.SettingsProvider.enforceWritePermission(SettingsProvider.java:2562)
at com.android.providers.settings.SettingsProvider.mutateGlobalSetting(SettingsProvider.java:1563)
at com.android.providers.settings.SettingsProvider.mutateGlobalSetting(SettingsProvider.java:1555)
at com.android.providers.settings.SettingsProvider.deleteGlobalSetting(SettingsProvider.java:1526)
at com.android.providers.settings.SettingsProvider.call(SettingsProvider.java:569)
at android.content.ContentProvider.call(ContentProvider.java:2548)
at android.content.ContentProvider$Transport.call(ContentProvider.java:538)
at com.android.providers.settings.SettingsService$MyShellCommand.deleteForUser(SettingsService.java:410)
at com.android.providers.settings.SettingsService$MyShellCommand.onCommand(SettingsService.java:284)
at com.android.modules.utils.BasicShellCommandHandler.exec(BasicShellCommandHandler.java:97)
at android.os.ShellCommand.exec(ShellCommand.java:38)
at com.android.providers.settings.SettingsService.onShellCommand(SettingsService.java:51)
at android.os.Binder.shellCommand(Binder.java:1073)
at android.os.Binder.onTransact(Binder.java:901)
at android.os.Binder.execTransactInternal(Binder.java:1331)
at android.os.Binder.execTransact(Binder.java:1268)

Exception occurred while executing 'delete':
java.lang.SecurityException: Permission denial: writing to settings requires:android.permission.WRITE_SECURE_SETTINGS
at com.android.providers.settings.SettingsProvider.enforceWritePermission(SettingsProvider.java:2562)
at com.android.providers.settings.SettingsProvider.mutateGlobalSetting(SettingsProvider.java:1563)
at com.android.providers.settings.SettingsProvider.mutateGlobalSetting(SettingsProvider.java:1555)
at com.android.providers.settings.SettingsProvider.deleteGlobalSetting(SettingsProvider.java:1526)
at com.android.providers.settings.SettingsProvider.call(SettingsProvider.java:569)
at android.content.ContentProvider.call(ContentProvider.java:2548)
at android.content.ContentProvider$Transport.call(ContentProvider.java:538)
at com.android.providers.settings.SettingsService$MyShellCommand.deleteForUser(SettingsService.java:410)
at com.android.providers.settings.SettingsService$MyShellCommand.onCommand(SettingsService.java:284)
at com.android.modules.utils.BasicShellCommandHandler.exec(BasicShellCommandHandler.java:97)
at android.os.ShellCommand.exec(ShellCommand.java:38)
at com.android.providers.settings.SettingsService.onShellCommand(SettingsService.java:51)
at android.os.Binder.shellCommand(Binder.java:1073)
at android.os.Binder.onTransact(Binder.java:901)
at android.os.Binder.execTransactInternal(Binder.java:1331)
at android.os.Binder.execTransact(Binder.java:1268)

Exception occurred while executing 'delete':
java.lang.SecurityException: Permission denial: writing to settings requires:android.permission.WRITE_SECURE_SETTINGS
at com.android.providers.settings.SettingsProvider.enforceWritePermission(SettingsProvider.java:2562)
at com.android.providers.settings.SettingsProvider.mutateGlobalSetting(SettingsProvider.java:1563)
at com.android.providers.settings.SettingsProvider.mutateGlobalSetting(SettingsProvider.java:1555)
at com.android.providers.settings.SettingsProvider.deleteGlobalSetting(SettingsProvider.java:1526)
at com.android.providers.settings.SettingsProvider.call(SettingsProvider.java:569)
at android.content.ContentProvider.call(ContentProvider.java:2548)
at android.content.ContentProvider$Transport.call(ContentProvider.java:538)
at com.android.providers.settings.SettingsService$MyShellCommand.deleteForUser(SettingsService.java:410)
at com.android.providers.settings.SettingsService$MyShellCommand.onCommand(SettingsService.java:284)
at com.android.modules.utils.BasicShellCommandHandler.exec(BasicShellCommandHandler.java:97)
at android.os.ShellCommand.exec(ShellCommand.java:38)
at com.android.providers.settings.SettingsService.onShellCommand(SettingsService.java:51)
at android.os.Binder.shellCommand(Binder.java:1073)
at android.os.Binder.onTransact(Binder.java:901)
at android.os.Binder.execTransactInternal(Binder.java:1331)
at android.os.Binder.execTransact(Binder.java:1268)'; Code: '255'
Build info: version: '3.141.59', revision: 'e82be7d358', time: '2018-11-14T08:17:03'
System info: host: 'CTNL2104', ip: '192.168.197.135', os.name: 'Windows 11', os.arch: 'amd64', os.version: '10.0', java.version: '22.0.2'
Driver info: driver.version: AndroidDriver
remote stacktrace: UnknownError: An unknown server-side error occurred while processing the command. Original error: Error executing adbExec. Original error: 'Command '/opt/build/android/platform-tools/adb -P 5037 -s VKXCKBEUZX49JNQW shell 'settings delete global hidden_api_policy_pre_p_apps;settings delete global hidden_api_policy_p_apps;settings delete global hidden_api_policy'' exited with code 255'; Stderr: 'Exception occurred while executing 'delete':
java.lang.SecurityException: Permission denial: writing to settings requires:android.permission.WRITE_SECURE_SETTINGS
at com.android.providers.settings.SettingsProvider.enforceWritePermission(SettingsProvider.java:2562)
at com.android.providers.settings.SettingsProvider.mutateGlobalSetting(SettingsProvider.java:1563)
at com.android.providers.settings.SettingsProvider.mutateGlobalSetting(SettingsProvider.java:1555)
at com.android.providers.settings.SettingsProvider.deleteGlobalSetting(SettingsProvider.java:1526)
at com.android.providers.settings.SettingsProvider.call(SettingsProvider.java:569)
at android.content.ContentProvider.call(ContentProvider.java:2548)
at android.content.ContentProvider$Transport.call(ContentProvider.java:538)
at com.android.providers.settings.SettingsService$MyShellCommand.deleteForUser(SettingsService.java:410)
at com.android.providers.settings.SettingsService$MyShellCommand.onCommand(SettingsService.java:284)
at com.android.modules.utils.BasicShellCommandHandler.exec(BasicShellCommandHandler.java:97)
at android.os.ShellCommand.exec(ShellCommand.java:38)
at com.android.providers.settings.SettingsService.onShellCommand(SettingsService.java:51)
at android.os.Binder.shellCommand(Binder.java:1073)
at android.os.Binder.onTransact(Binder.java:901)
at android.os.Binder.execTransactInternal(Binder.java:1331)
at android.os.Binder.execTransact(Binder.java:1268)

Exception occurred while executing 'delete':
java.lang.SecurityException: Permission denial: writing to settings requires:android.permission.WRITE_SECURE_SETTINGS
at com.android.providers.settings.SettingsProvider.enforceWritePermission(SettingsProvider.java:2562)
at com.android.providers.settings.SettingsProvider.mutateGlobalSetting(SettingsProvider.java:1563)
at com.android.providers.settings.SettingsProvider.mutateGlobalSetting(SettingsProvider.java:1555)
at com.android.providers.settings.SettingsProvider.deleteGlobalSetting(SettingsProvider.java:1526)
at com.android.providers.settings.SettingsProvider.call(SettingsProvider.java:569)
at android.content.ContentProvider.call(ContentProvider.java:2548)
at android.content.ContentProvider$Transport.call(ContentProvider.java:538)
at com.android.providers.settings.SettingsService$MyShellCommand.deleteForUser(SettingsService.java:410)
at com.android.providers.settings.SettingsService$MyShellCommand.onCommand(SettingsService.java:284)
at com.android.modules.utils.BasicShellCommandHandler.exec(BasicShellCommandHandler.java:97)
at android.os.ShellCommand.exec(ShellCommand.java:38)
at com.android.providers.settings.SettingsService.onShellCommand(SettingsService.java:51)
at android.os.Binder.shellCommand(Binder.java:1073)
at android.os.Binder.onTransact(Binder.java:901)
at android.os.Binder.execTransactInternal(Binder.java:1331)
at android.os.Binder.execTransact(Binder.java:1268)

Exception occurred while executing 'delete':
java.lang.SecurityException: Permission denial: writing to settings requires:android.permission.WRITE_SECURE_SETTINGS
at com.android.providers.settings.SettingsProvider.enforceWritePermission(SettingsProvider.java:2562)
at com.android.providers.settings.SettingsProvider.mutateGlobalSetting(SettingsProvider.java:1563)
at com.android.providers.settings.SettingsProvider.mutateGlobalSetting(SettingsProvider.java:1555)
at com.android.providers.settings.SettingsProvider.deleteGlobalSetting(SettingsProvider.java:1526)
at com.android.providers.settings.SettingsProvider.call(SettingsProvider.java:569)
at android.content.ContentProvider.call(ContentProvider.java:2548)
at android.content.ContentProvider$Transport.call(ContentProvider.java:538)
at com.android.providers.settings.SettingsService$MyShellCommand.deleteForUser(SettingsService.java:410)
at com.android.providers.settings.SettingsService$MyShellCommand.onCommand(SettingsService.java:284)
at com.android.modules.utils.BasicShellCommandHandler.exec(BasicShellCommandHandler.java:97)
at android.os.ShellCommand.exec(ShellCommand.java:38)
at com.android.providers.settings.SettingsService.onShellCommand(SettingsService.java:51)
at android.os.Binder.shellCommand(Binder.java:1073)
at android.os.Binder.onTransact(Binder.java:901)
at android.os.Binder.execTransactInternal(Binder.java:1331)
at android.os.Binder.execTransact(Binder.java:1268)'; Code: '255'
    at getResponseForW3CError (/usr/local/avm/versions/1.22.0/node_modules/appium/node_modules/appium-base-driver/lib/protocol/errors.js:804:9)
    at asyncHandler (/usr/local/avm/versions/1.22.0/node_modules/appium/node_modules/appium-base-driver/lib/protocol/protocol.js:380:37)
Build info: version: '3.141.59', revision: 'e82be7d358', time: '2018-11-14T08:17:03'
System info: host: 'CTNL2104', ip: '192.168.197.135', os.name: 'Windows 11', os.arch: 'amd64', os.version: '10.0', java.version: '22.0.2'
Driver info: driver.version: AndroidDriver
at io.appium.java_client.remote.AppiumCommandExecutor$1.createSession(AppiumCommandExecutor.java:216)
at io.appium.java_client.remote.AppiumCommandExecutor.createSession(AppiumCommandExecutor.java:225)
at io.appium.java_client.remote.AppiumCommandExecutor.execute(AppiumCommandExecutor.java:250)
at org.openqa.selenium.remote.RemoteWebDriver.execute(RemoteWebDriver.java:552)
at io.appium.java_client.DefaultGenericMobileDriver.execute(DefaultGenericMobileDriver.java:41)
at io.appium.java_client.AppiumDriver.execute(AppiumDriver.java:1)
at io.appium.java_client.android.AndroidDriver.execute(AndroidDriver.java:1)
at org.openqa.selenium.remote.RemoteWebDriver.startSession(RemoteWebDriver.java:213)
at io.appium.java_client.AppiumDriver.startSession(AppiumDriver.java:363)
at org.openqa.selenium.remote.RemoteWebDriver.<init>(RemoteWebDriver.java:131)
at io.appium.java_client.DefaultGenericMobileDriver.<init>(DefaultGenericMobileDriver.java:37)
at io.appium.java_client.AppiumDriver.<init>(AppiumDriver.java:89)
at io.appium.java_client.AppiumDriver.<init>(AppiumDriver.java:99)
at io.appium.java_client.android.AndroidDriver.<init>(AndroidDriver.java:97)
at com.crestech.base.UserBaseTest.startingServerInstance(UserBaseTest.java:463)
at com.crestech.base.UserBaseTest.startApp(UserBaseTest.java:102)
at java.base/java.util.ArrayList.forEach(ArrayList.java:1597)
at java.base/java.util.concurrent.FutureTask.run(FutureTask.java:317)
at java.base/java.util.concurrent.ThreadPoolExecutor.runWorker(ThreadPoolExecutor.java:1144)
at java.base/java.util.concurrent.ThreadPoolExecutor$Worker.run(ThreadPoolExecutor.java:642)
at java.base/java.lang.Thread.run(Thread.java:1570)
at io.appium.java_client.remote.AppiumCommandExecutor$1.createSession(AppiumCommandExecutor.java:193)
... 40 more
Caused by: org.openqa.selenium.WebDriverException: An unknown server-side error occurred while processing the command. Original error: Error executing adbExec. Original error: 'Command '/opt/build/android/platform-tools/adb -P 5037 -s VKXCKBEUZX49JNQW shell 'settings delete global hidden_api_policy_pre_p_apps;settings delete global hidden_api_policy_p_apps;settings delete global hidden_api_policy'' exited with code 255'; Stderr: 'Exception occurred while executing 'delete':
java.lang.SecurityException: Permission denial: writing to settings requires:android.permission.WRITE_SECURE_SETTINGS
at com.android.providers.settings.SettingsProvider.enforceWritePermission(SettingsProvider.java:2562)
at com.android.providers.settings.SettingsProvider.mutateGlobalSetting(SettingsProvider.java:1563)
at com.android.providers.settings.SettingsProvider.mutateGlobalSetting(SettingsProvider.java:1555)
at com.android.providers.settings.SettingsProvider.deleteGlobalSetting(SettingsProvider.java:1526)
at com.android.providers.settings.SettingsProvider.call(SettingsProvider.java:569)
at android.content.ContentProvider.call(ContentProvider.java:2548)
at android.content.ContentProvider$Transport.call(ContentProvider.java:538)
at com.android.providers.settings.SettingsService$MyShellCommand.deleteForUser(SettingsService.java:410)
at com.android.providers.settings.SettingsService$MyShellCommand.onCommand(SettingsService.java:284)
at com.android.modules.utils.BasicShellCommandHandler.exec(BasicShellCommandHandler.java:97)
at android.os.ShellCommand.exec(ShellCommand.java:38)
at com.android.providers.settings.SettingsService.onShellCommand(SettingsService.java:51)
at android.os.Binder.shellCommand(Binder.java:1073)
at android.os.Binder.onTransact(Binder.java:901)
at android.os.Binder.execTransactInternal(Binder.java:1331)
at android.os.Binder.execTransact(Binder.java:1268)

Exception occurred while executing 'delete':
java.lang.SecurityException: Permission denial: writing to settings requires:android.permission.WRITE_SECURE_SETTINGS
at com.android.providers.settings.SettingsProvider.enforceWritePermission(SettingsProvider.java:2562)
at com.android.providers.settings.SettingsProvider.mutateGlobalSetting(SettingsProvider.java:1563)
at com.android.providers.settings.SettingsProvider.mutateGlobalSetting(SettingsProvider.java:1555)
at com.android.providers.settings.SettingsProvider.deleteGlobalSetting(SettingsProvider.java:1526)
at com.android.providers.settings.SettingsProvider.call(SettingsProvider.java:569)
at android.content.ContentProvider.call(ContentProvider.java:2548)
at android.content.ContentProvider$Transport.call(ContentProvider.java:538)
at com.android.providers.settings.SettingsService$MyShellCommand.deleteForUser(SettingsService.java:410)
at com.android.providers.settings.SettingsService$MyShellCommand.onCommand(SettingsService.java:284)
at com.android.modules.utils.BasicShellCommandHandler.exec(BasicShellCommandHandler.java:97)
at android.os.ShellCommand.exec(ShellCommand.java:38)
at com.android.providers.settings.SettingsService.onShellCommand(SettingsService.java:51)
at android.os.Binder.shellCommand(Binder.java:1073)
at android.os.Binder.onTransact(Binder.java:901)
at android.os.Binder.execTransactInternal(Binder.java:1331)
at android.os.Binder.execTransact(Binder.java:1268)

Exception occurred while executing 'delete':
java.lang.SecurityException: Permission denial: writing to settings requires:android.permission.WRITE_SECURE_SETTINGS
at com.android.providers.settings.SettingsProvider.enforceWritePermission(SettingsProvider.java:2562)
at com.android.providers.settings.SettingsProvider.mutateGlobalSetting(SettingsProvider.java:1563)
at com.android.providers.settings.SettingsProvider.mutateGlobalSetting(SettingsProvider.java:1555)
at com.android.providers.settings.SettingsProvider.deleteGlobalSetting(SettingsProvider.java:1526)
at com.android.providers.settings.SettingsProvider.call(SettingsProvider.java:569)
at android.content.ContentProvider.call(ContentProvider.java:2548)
at android.content.ContentProvider$Transport.call(ContentProvider.java:538)
at com.android.providers.settings.SettingsService$MyShellCommand.deleteForUser(SettingsService.java:410)
at com.android.providers.settings.SettingsService$MyShellCommand.onCommand(SettingsService.java:284)
at com.android.modules.utils.BasicShellCommandHandler.exec(BasicShellCommandHandler.java:97)
at android.os.ShellCommand.exec(ShellCommand.java:38)
at com.android.providers.settings.SettingsService.onShellCommand(SettingsService.java:51)
at android.os.Binder.shellCommand(Binder.java:1073)
at android.os.Binder.onTransact(Binder.java:901)
at android.os.Binder.execTransactInternal(Binder.java:1331)
at android.os.Binder.execTransact(Binder.java:1268)'; Code: '255'
Build info: version: '3.141.59', revision: 'e82be7d358', time: '2018-11-14T08:17:03'
System info: host: 'CTNL2104', ip: '192.168.197.135', os.name: 'Windows 11', os.arch: 'amd64', os.version: '10.0', java.version: '22.0.2'
Driver info: driver.version: AndroidDriver
remote stacktrace: UnknownError: An unknown server-side error occurred while processing the command. Original error: Error executing adbExec. Original error: 'Command '/opt/build/android/platform-tools/adb -P 5037 -s VKXCKBEUZX49JNQW shell 'settings delete global hidden_api_policy_pre_p_apps;settings delete global hidden_api_policy_p_apps;settings delete global hidden_api_policy'' exited with code 255'; Stderr: 'Exception occurred while executing 'delete':
java.lang.SecurityException: Permission denial: writing to settings requires:android.permission.WRITE_SECURE_SETTINGS
at com.android.providers.settings.SettingsProvider.enforceWritePermission(SettingsProvider.java:2562)
at com.android.providers.settings.SettingsProvider.mutateGlobalSetting(SettingsProvider.java:1563)
at com.android.providers.settings.SettingsProvider.mutateGlobalSetting(SettingsProvider.java:1555)
at com.android.providers.settings.SettingsProvider.deleteGlobalSetting(SettingsProvider.java:1526)
at com.android.providers.settings.SettingsProvider.call(SettingsProvider.java:569)
at android.content.ContentProvider.call(ContentProvider.java:2548)
at android.content.ContentProvider$Transport.call(ContentProvider.java:538)
at com.android.providers.settings.SettingsService$MyShellCommand.deleteForUser(SettingsService.java:410)
at com.android.providers.settings.SettingsService$MyShellCommand.onCommand(SettingsService.java:284)
at com.android.modules.utils.BasicShellCommandHandler.exec(BasicShellCommandHandler.java:97)
at android.os.ShellCommand.exec(ShellCommand.java:38)
at com.android.providers.settings.SettingsService.onShellCommand(SettingsService.java:51)
at android.os.Binder.shellCommand(Binder.java:1073)
at android.os.Binder.onTransact(Binder.java:901)
at android.os.Binder.execTransactInternal(Binder.java:1331)
at android.os.Binder.execTransact(Binder.java:1268)

Exception occurred while executing 'delete':
java.lang.SecurityException: Permission denial: writing to settings requires:android.permission.WRITE_SECURE_SETTINGS
at com.android.providers.settings.SettingsProvider.enforceWritePermission(SettingsProvider.java:2562)
at com.android.providers.settings.SettingsProvider.mutateGlobalSetting(SettingsProvider.java:1563)
at com.android.providers.settings.SettingsProvider.mutateGlobalSetting(SettingsProvider.java:1555)
at com.android.providers.settings.SettingsProvider.deleteGlobalSetting(SettingsProvider.java:1526)
at com.android.providers.settings.SettingsProvider.call(SettingsProvider.java:569)
at android.content.ContentProvider.call(ContentProvider.java:2548)
at android.content.ContentProvider$Transport.call(ContentProvider.java:538)
at com.android.providers.settings.SettingsService$MyShellCommand.deleteForUser(SettingsService.java:410)
at com.android.providers.settings.SettingsService$MyShellCommand.onCommand(SettingsService.java:284)
at com.android.modules.utils.BasicShellCommandHandler.exec(BasicShellCommandHandler.java:97)
at android.os.ShellCommand.exec(ShellCommand.java:38)
at com.android.providers.settings.SettingsService.onShellCommand(SettingsService.java:51)
at android.os.Binder.shellCommand(Binder.java:1073)
at android.os.Binder.onTransact(Binder.java:901)
at android.os.Binder.execTransactInternal(Binder.java:1331)
at android.os.Binder.execTransact(Binder.java:1268)

Exception occurred while executing 'delete':
java.lang.SecurityException: Permission denial: writing to settings requires:android.permission.WRITE_SECURE_SETTINGS
at com.android.providers.settings.SettingsProvider.enforceWritePermission(SettingsProvider.java:2562)
at com.android.providers.settings.SettingsProvider.mutateGlobalSetting(SettingsProvider.java:1563)
at com.android.providers.settings.SettingsProvider.mutateGlobalSetting(SettingsProvider.java:1555)
at com.android.providers.settings.SettingsProvider.deleteGlobalSetting(SettingsProvider.java:1526)
at com.android.providers.settings.SettingsProvider.call(SettingsProvider.java:569)
at android.content.ContentProvider.call(ContentProvider.java:2548)
at android.content.ContentProvider$Transport.call(ContentProvider.java:538)
at com.android.providers.settings.SettingsService$MyShellCommand.deleteForUser(SettingsService.java:410)
at com.android.providers.settings.SettingsService$MyShellCommand.onCommand(SettingsService.java:284)
at com.android.modules.utils.BasicShellCommandHandler.exec(BasicShellCommandHandler.java:97)
at android.os.ShellCommand.exec(ShellCommand.java:38)
at com.android.providers.settings.SettingsService.onShellCommand(SettingsService.java:51)
at android.os.Binder.shellCommand(Binder.java:1073)
at android.os.Binder.onTransact(Binder.java:901)
at android.os.Binder.execTransactInternal(Binder.java:1331)
at android.os.Binder.execTransact(Binder.java:1268)'; Code: '255'
    at getResponseForW3CError (/usr/local/avm/versions/1.22.0/node_modules/appium/node_modules/appium-base-driver/lib/protocol/errors.js:804:9)
    at asyncHandler (/usr/local/avm/versions/1.22.0/node_modules/appium/node_modules/appium-base-driver/lib/protocol/protocol.js:380:37)
at org.openqa.selenium.remote.W3CHandshakeResponse.lambda$errorHandler$0(W3CHandshakeResponse.java:62)
at org.openqa.selenium.remote.HandshakeResponse.lambda$getResponseFunction$0(HandshakeResponse.java:30)
at org.openqa.selenium.remote.ProtocolHandshake.lambda$createSession$0(ProtocolHandshake.java:126)
at java.base/java.util.stream.ReferencePipeline$3$1.accept(ReferencePipeline.java:212)
at java.base/java.util.Spliterators$ArraySpliterator.tryAdvance(Spliterators.java:1034)
at java.base/java.util.stream.ReferencePipeline.forEachWithCancel(ReferencePipeline.java:144)
at java.base/java.util.stream.AbstractPipeline.copyIntoWithCancel(AbstractPipeline.java:574)
at java.base/java.util.stream.AbstractPipeline.copyInto(AbstractPipeline.java:560)
at java.base/java.util.stream.AbstractPipeline.wrapAndCopyInto(AbstractPipeline.java:546)
at java.base/java.util.stream.FindOps$FindOp.evaluateSequential(FindOps.java:150)
at java.base/java.util.stream.AbstractPipeline.evaluate(AbstractPipeline.java:265)
at java.base/java.util.stream.ReferencePipeline.findFirst(ReferencePipeline.java:662)
at org.openqa.selenium.remote.ProtocolHandshake.createSession(ProtocolHandshake.java:128)
... 42 more
... Removed 27 stack frames]]>
    </failure>
  </testcase> <!-- @BeforeMethod startApp -->
  <testcase classname="com.crestech.android.tests.DBSAndroidTest" name="PreRequisiteScript on [DBSAndroidTest passed=0 failed=0 skipped=0]" time="0.0">
    <skipped/>
  </testcase> <!-- PreRequisiteScript on [DBSAndroidTest passed=0 failed=0 skipped=0] -->
</testsuite> <!-- ONEPLUS_10R5G_Android_13.0.0_d547f -->
