<?xml version="1.0" encoding="UTF-8"?>
<!-- Generated by org.testng.reporters.JUnitXMLReporter -->
<testsuite ignored="0" hostname="CTNL2104" failures="0" tests="6" name="SAMSUNG_GalaxyS215G_Android_14.0.0_5ba8b" time="652.191" errors="0" timestamp="2024-12-03T19:00:03 IST">
  <testcase classname="com.crestech.android.tests.IxigoAndroidTest" name="SRPWithoutLogin on [IxigoAndroidTest passed=0 failed=0 skipped=0]" time="114.484"/>
  <testcase classname="com.crestech.android.tests.IxigoAndroidTest" name="PreRequisiteScript on [IxigoAndroidTest passed=0 failed=0 skipped=0]" time="108.63"/>
  <testcase classname="com.crestech.android.tests.IxigoAndroidTest" name="DomesticFlightSearchOneWay on [IxigoAndroidTest passed=0 failed=0 skipped=0]" time="82.244"/>
  <testcase classname="com.crestech.android.tests.IxigoAndroidTest" name="DomesticToInternationalEconomicSearchFlightsOneWay on [IxigoAndroidTest passed=0 failed=0 skipped=0]" time="91.59"/>
  <testcase classname="com.crestech.android.tests.IxigoAndroidTest" name="DomesticToInternationalPremiumEconomicSearchFlightsRoundWay on [IxigoAndroidTest passed=0 failed=0 skipped=0]" time="116.311"/>
  <testcase classname="com.crestech.android.tests.IxigoAndroidTest" name="LogOutApp on [IxigoAndroidTest passed=0 failed=0 skipped=0]" time="46.247"/>
</testsuite> <!-- SAMSUNG_GalaxyS215G_Android_14.0.0_5ba8b -->
