<?xml version="1.0" encoding="UTF-8"?>
<!-- Generated by org.testng.reporters.JUnitXMLReporter -->
<testsuite ignored="0" hostname="CTNL2104" failures="2" tests="6" name="SAMSUNG_GalaxyS215G_Android_14.0.0_40f0a" time="629.49" errors="0" timestamp="2024-12-03T12:12:17 IST">
  <testcase classname="com.crestech.android.tests.IxigoAndroidTest" name="SRPWithoutLogin on [IxigoAndroidTest passed=0 failed=0 skipped=0]" time="125.416"/>
  <testcase classname="com.crestech.android.tests.IxigoAndroidTest" name="PreRequisiteScript on [IxigoAndroidTest passed=0 failed=0 skipped=0]" time="101.954"/>
  <testcase classname="com.crestech.android.tests.IxigoAndroidTest" name="DomesticFlightSearchOneWay on [IxigoAndroidTest passed=0 failed=0 skipped=0]" time="92.443"/>
  <testcase classname="com.crestech.android.tests.IxigoAndroidTest" name="DomesticToInternationalEconomicSearchFlightsOneWay on [IxigoAndroidTest passed=0 failed=0 skipped=0]" time="87.242"/>
  <testcase classname="com.crestech.android.tests.IxigoAndroidTest" name="DomesticToInternationalEconomicSearchFlightsRoundWay on [IxigoAndroidTest passed=0 failed=0 skipped=0]" time="74.921">
    <failure type="java.lang.AssertionError" message="FUNCTIONAL_EXCEPTION--&amp;gt;  Failed to Click On Round Trip Button  ">
      <![CDATA[java.lang.AssertionError: FUNCTIONAL_EXCEPTION-->  Failed to Click On Round Trip Button  
at com.crestech.common.utilities.Asserts.assertFail(Asserts.java:222)
at com.crestech.android.tests.IxigoAndroidTest.DomesticToInternationalEconomicSearchFlightsRoundWay(IxigoAndroidTest.java:129)
at java.base/java.util.ArrayList.forEach(ArrayList.java:1597)
at java.base/java.util.concurrent.FutureTask.run(FutureTask.java:317)
at java.base/java.util.concurrent.ThreadPoolExecutor.runWorker(ThreadPoolExecutor.java:1144)
at java.base/java.util.concurrent.ThreadPoolExecutor$Worker.run(ThreadPoolExecutor.java:642)
at java.base/java.lang.Thread.run(Thread.java:1570)
... Removed 17 stack frames]]>
    </failure>
  </testcase> <!-- DomesticToInternationalEconomicSearchFlightsRoundWay on [IxigoAndroidTest passed=0 failed=0 skipped=0] -->
  <testcase classname="com.crestech.android.tests.IxigoAndroidTest" name="Logout_ONEAPP on [IxigoAndroidTest passed=0 failed=0 skipped=0]" time="23.047">
    <failure type="java.lang.AssertionError" message="FUNCTIONAL_EXCEPTION--&amp;gt;  Failed to Click On Back Button ">
      <![CDATA[java.lang.AssertionError: FUNCTIONAL_EXCEPTION-->  Failed to Click On Back Button 
at com.crestech.common.utilities.Asserts.assertFail(Asserts.java:222)
at com.crestech.android.tests.IxigoAndroidTest.Logout_ONEAPP(IxigoAndroidTest.java:148)
at java.base/java.util.ArrayList.forEach(ArrayList.java:1597)
at java.base/java.util.concurrent.FutureTask.run(FutureTask.java:317)
at java.base/java.util.concurrent.ThreadPoolExecutor.runWorker(ThreadPoolExecutor.java:1144)
at java.base/java.util.concurrent.ThreadPoolExecutor$Worker.run(ThreadPoolExecutor.java:642)
at java.base/java.lang.Thread.run(Thread.java:1570)
... Removed 17 stack frames]]>
    </failure>
  </testcase> <!-- Logout_ONEAPP on [IxigoAndroidTest passed=0 failed=0 skipped=0] -->
</testsuite> <!-- SAMSUNG_GalaxyS215G_Android_14.0.0_40f0a -->
