<?xml version="1.0" encoding="UTF-8"?>
<!-- Generated by org.testng.reporters.JUnitXMLReporter -->
<testsuite ignored="0" hostname="CTNL2104" failures="1" tests="1" name="Test to be run" time="0.642" errors="0" timestamp="2024-11-06T12:11:20 IST">
  <testcase classname="com.crestech.android.tests.DBSAndroidTest" name="PreRequisiteScript on [DBSAndroidTest passed=0 failed=0 skipped=0]" time="0.0">
    <failure type="org.testng.TestNGException" message="
Parameter &amp;apos;userName&amp;apos; is required by @Test on method PreRequisiteScript but has not been marked @Optional or defined
in C:\Users\Divya.Devi\eclipse-workspace\DBS_Automation\DBSAndroid.xml">
      <![CDATA[org.testng.TestNGException: 
Parameter 'userName' is required by @Test on method PreRequisiteScript but has not been marked @Optional or defined
in C:\Users\Divya.Devi\eclipse-workspace\DBS_Automation\DBSAndroid.xml
at java.base/java.util.ArrayList.forEach(ArrayList.java:1597)
at java.base/java.util.concurrent.FutureTask.run(FutureTask.java:317)
at java.base/java.util.concurrent.ThreadPoolExecutor.runWorker(ThreadPoolExecutor.java:1144)
at java.base/java.util.concurrent.ThreadPoolExecutor$Worker.run(ThreadPoolExecutor.java:642)
at java.base/java.lang.Thread.run(Thread.java:1570)
... Removed 17 stack frames]]>
    </failure>
  </testcase> <!-- PreRequisiteScript on [DBSAndroidTest passed=0 failed=0 skipped=0] -->
</testsuite> <!-- Test to be run -->
